[0.014s] Invoking command in '/home/caesar/Desktop/ROS2/dev_ws/build/cpp_pubsub': CMAKE_PREFIX_PATH=${CMAKE_PREFIX_PATH}:/home/caesar/Desktop/ROS2/dev_ws/install/py_pubsub:/home/caesar/Desktop/ROS2/dev_ws/install/my_package:/opt/ros/dashing /usr/bin/cmake --build /home/caesar/Desktop/ROS2/dev_ws/build/cpp_pubsub -- -j4 -l4
[0.081s] [ 25%] [32mBuilding CXX object CMakeFiles/talker.dir/src/publisher_member_function.cpp.o[0m
[0.081s] [ 75%] Built target listener
[1.029s] In file included from [01m[K/opt/ros/dashing/include/rclcpp/service.hpp:33:0[m[K,
[1.029s]                  from [01m[K/opt/ros/dashing/include/rclcpp/callback_group.hpp:25[m[K,
[1.030s]                  from [01m[K/opt/ros/dashing/include/rclcpp/any_executable.hpp:20[m[K,
[1.030s]                  from [01m[K/opt/ros/dashing/include/rclcpp/memory_strategy.hpp:24[m[K,
[1.030s]                  from [01m[K/opt/ros/dashing/include/rclcpp/memory_strategies.hpp:18[m[K,
[1.030s]                  from [01m[K/opt/ros/dashing/include/rclcpp/executor.hpp:33[m[K,
[1.030s]                  from [01m[K/opt/ros/dashing/include/rclcpp/executors/multi_threaded_executor.hpp:24[m[K,
[1.030s]                  from [01m[K/opt/ros/dashing/include/rclcpp/executors.hpp:21[m[K,
[1.030s]                  from [01m[K/opt/ros/dashing/include/rclcpp/rclcpp.hpp:144[m[K,
[1.030s]                  from [01m[K/home/caesar/Desktop/ROS2/dev_ws/src/cpp_pubsub/src/publisher_member_function.cpp:6[m[K:
[1.030s] [01m[K/home/caesar/Desktop/ROS2/dev_ws/src/cpp_pubsub/src/publisher_member_function.cpp:[m[K In function â€˜[01m[Kint main(int, char**)[m[Kâ€™:
[1.031s] [01m[K/home/caesar/Desktop/ROS2/dev_ws/src/cpp_pubsub/src/publisher_member_function.cpp:41:17:[m[K [01;31m[Kerror: [m[Kinvalid use of â€˜[01m[Kthis[m[Kâ€™ in non-member function
[1.031s]      RCLCPP_INFO([01;31m[Kt[m[Khis->get_logger(), "Start!");
[1.031s]                  [01;31m[K^[m[K
[1.031s] [01m[K/opt/ros/dashing/include/rclcpp/logging.hpp:215:86:[m[K [01;36m[Knote: [m[Kin definition of macro â€˜[01m[KRCLCPP_INFO[m[Kâ€™
[1.031s]  ame<typename std::remove_reference<typename std::remove_cv<decltype([01;36m[Klogger[m[K)>::type>::type, \
[1.031s]                                                                      [01;36m[K^~~~~~[m[K
[1.031s] [01m[K/home/caesar/Desktop/ROS2/dev_ws/src/cpp_pubsub/src/publisher_member_function.cpp:41:17:[m[K [01;31m[Kerror: [m[Kinvalid use of â€˜[01m[Kthis[m[Kâ€™ in non-member function
[1.031s]      RCLCPP_INFO([01;31m[Kt[m[Khis->get_logger(), "Start!");
[1.031s]                  [01;31m[K^[m[K
[1.031s] [01m[K/opt/ros/dashing/include/rclcpp/logging.hpp:215:86:[m[K [01;36m[Knote: [m[Kin definition of macro â€˜[01m[KRCLCPP_INFO[m[Kâ€™
[1.031s]  ame<typename std::remove_reference<typename std::remove_cv<decltype([01;36m[Klogger[m[K)>::type>::type, \
[1.031s]                                                                      [01;36m[K^~~~~~[m[K
[1.031s] [01m[K/opt/ros/dashing/include/rclcpp/logging.hpp:215:93:[m[K [01;31m[Kerror: [m[Ktemplate argument 1 is invalid
[1.032s]  ename std::remove_reference<typename std::remove_cv<decltype(logger)[01;31m[K>[m[K::type>::type, \
[1.032s]                                                                      [01;31m[K^[m[K
[1.032s] [01m[K/home/caesar/Desktop/ROS2/dev_ws/src/cpp_pubsub/src/publisher_member_function.cpp:41:5:[m[K [01;36m[Knote: [m[Kin expansion of macro â€˜[01m[KRCLCPP_INFO[m[Kâ€™
[1.032s]      [01;36m[KRCLCPP_INFO[m[K(this->get_logger(), "Start!");
[1.032s]      [01;36m[K^~~~~~~~~~~[m[K
[1.032s] [01m[K/opt/ros/dashing/include/rclcpp/logging.hpp:215:100:[m[K [01;31m[Kerror: [m[Ktemplate argument 1 is invalid
[1.032s]  std::remove_reference<typename std::remove_cv<decltype(logger)>::type[01;31m[K>[m[K::type, \
[1.032s]                                                                       [01;31m[K^[m[K
[1.032s] [01m[K/home/caesar/Desktop/ROS2/dev_ws/src/cpp_pubsub/src/publisher_member_function.cpp:41:5:[m[K [01;36m[Knote: [m[Kin expansion of macro â€˜[01m[KRCLCPP_INFO[m[Kâ€™
[1.032s]      [01;36m[KRCLCPP_INFO[m[K(this->get_logger(), "Start!");
[1.033s]      [01;36m[K^~~~~~~~~~~[m[K
[1.033s] [01m[K/opt/ros/dashing/include/rclcpp/logging.hpp:216:32:[m[K [01;31m[Kerror: [m[Ktemplate argument 1 is invalid
[1.033s]        typename ::rclcpp::Logger[01;31m[K>[m[K::value, \
[1.033s]                                 [01;31m[K^[m[K
[1.033s] [01m[K/home/caesar/Desktop/ROS2/dev_ws/src/cpp_pubsub/src/publisher_member_function.cpp:41:5:[m[K [01;36m[Knote: [m[Kin expansion of macro â€˜[01m[KRCLCPP_INFO[m[Kâ€™
[1.033s]      [01;36m[KRCLCPP_INFO[m[K(this->get_logger(), "Start!");
[1.033s]      [01;36m[K^~~~~~~~~~~[m[K
[1.033s] In file included from [01m[K/opt/ros/dashing/include/rclcpp/client.hpp:39:0[m[K,
[1.033s]                  from [01m[K/opt/ros/dashing/include/rclcpp/callback_group.hpp:23[m[K,
[1.033s]                  from [01m[K/opt/ros/dashing/include/rclcpp/any_executable.hpp:20[m[K,
[1.034s]                  from [01m[K/opt/ros/dashing/include/rclcpp/memory_strategy.hpp:24[m[K,
[1.034s]                  from [01m[K/opt/ros/dashing/include/rclcpp/memory_strategies.hpp:18[m[K,
[1.034s]                  from [01m[K/opt/ros/dashing/include/rclcpp/executor.hpp:33[m[K,
[1.034s]                  from [01m[K/opt/ros/dashing/include/rclcpp/executors/multi_threaded_executor.hpp:24[m[K,
[1.034s]                  from [01m[K/opt/ros/dashing/include/rclcpp/executors.hpp:21[m[K,
[1.034s]                  from [01m[K/opt/ros/dashing/include/rclcpp/rclcpp.hpp:144[m[K,
[1.034s]                  from [01m[K/home/caesar/Desktop/ROS2/dev_ws/src/cpp_pubsub/src/publisher_member_function.cpp:6[m[K:
[1.034s] [01m[K/home/caesar/Desktop/ROS2/dev_ws/src/cpp_pubsub/src/publisher_member_function.cpp:41:17:[m[K [01;31m[Kerror: [m[Kinvalid use of â€˜[01m[Kthis[m[Kâ€™ in non-member function
[1.034s]      RCLCPP_INFO([01;31m[Kt[m[Khis->get_logger(), "Start!");
[1.034s]                  [01;31m[K^[m[K
[1.034s] [01m[K/opt/ros/dashing/include/rcutils/logging_macros.h:70:47:[m[K [01;36m[Knote: [m[Kin definition of macro â€˜[01m[KRCUTILS_LOG_COND_NAMED[m[Kâ€™
[1.034s]      if (rcutils_logging_logger_is_enabled_for([01;36m[Kname[m[K, severity)) { \
[1.035s]                                                [01;36m[K^~~~[m[K
[1.035s] [01m[K/opt/ros/dashing/include/rclcpp/logging.hpp:218:5:[m[K [01;36m[Knote: [m[Kin expansion of macro â€˜[01m[KRCUTILS_LOG_INFO_NAMED[m[Kâ€™
[1.035s]      [01;36m[KRCUTILS_LOG_INFO_NAMED[m[K( \
[1.035s]      [01;36m[K^~~~~~~~~~~~~~~~~~~~~~[m[K
[1.035s] [01m[K/home/caesar/Desktop/ROS2/dev_ws/src/cpp_pubsub/src/publisher_member_function.cpp:41:5:[m[K [01;36m[Knote: [m[Kin expansion of macro â€˜[01m[KRCLCPP_INFO[m[Kâ€™
[1.035s]      [01;36m[KRCLCPP_INFO[m[K(this->get_logger(), "Start!");
[1.035s]      [01;36m[K^~~~~~~~~~~[m[K
[1.035s] [01m[K/home/caesar/Desktop/ROS2/dev_ws/src/cpp_pubsub/src/publisher_member_function.cpp:41:17:[m[K [01;31m[Kerror: [m[Kinvalid use of â€˜[01m[Kthis[m[Kâ€™ in non-member function
[1.035s]      RCLCPP_INFO([01;31m[Kt[m[Khis->get_logger(), "Start!");
[1.035s]                  [01;31m[K^[m[K
[1.035s] [01m[K/opt/ros/dashing/include/rcutils/logging_macros.h:72:58:[m[K [01;36m[Knote: [m[Kin definition of macro â€˜[01m[KRCUTILS_LOG_COND_NAMED[m[Kâ€™
[1.035s]        rcutils_log(&__rcutils_logging_location, severity, [01;36m[Kname[m[K, __VA_ARGS__); \
[1.035s]                                                           [01;36m[K^~~~[m[K
[1.035s] [01m[K/opt/ros/dashing/include/rclcpp/logging.hpp:218:5:[m[K [01;36m[Knote: [m[Kin expansion of macro â€˜[01m[KRCUTILS_LOG_INFO_NAMED[m[Kâ€™
[1.036s]      [01;36m[KRCUTILS_LOG_INFO_NAMED[m[K( \
[1.036s]      [01;36m[K^~~~~~~~~~~~~~~~~~~~~~[m[K
[1.036s] [01m[K/home/caesar/Desktop/ROS2/dev_ws/src/cpp_pubsub/src/publisher_member_function.cpp:41:5:[m[K [01;36m[Knote: [m[Kin expansion of macro â€˜[01m[KRCLCPP_INFO[m[Kâ€™
[1.036s]      [01;36m[KRCLCPP_INFO[m[K(this->get_logger(), "Start!");
[1.036s]      [01;36m[K^~~~~~~~~~~[m[K
[1.416s] make[2]: *** [CMakeFiles/talker.dir/src/publisher_member_function.cpp.o] Error 1
[1.416s] CMakeFiles/talker.dir/build.make:62: recipe for target 'CMakeFiles/talker.dir/src/publisher_member_function.cpp.o' failed
[1.417s] make[1]: *** [CMakeFiles/talker.dir/all] Error 2
[1.417s] CMakeFiles/Makefile2:67: recipe for target 'CMakeFiles/talker.dir/all' failed
[1.417s] make: *** [all] Error 2
[1.417s] Makefile:140: recipe for target 'all' failed
[1.418s] Invoked command in '/home/caesar/Desktop/ROS2/dev_ws/build/cpp_pubsub' returned '2': CMAKE_PREFIX_PATH=${CMAKE_PREFIX_PATH}:/home/caesar/Desktop/ROS2/dev_ws/install/py_pubsub:/home/caesar/Desktop/ROS2/dev_ws/install/my_package:/opt/ros/dashing /usr/bin/cmake --build /home/caesar/Desktop/ROS2/dev_ws/build/cpp_pubsub -- -j4 -l4
