[0.015s] Invoking command in '/home/caesar/Desktop/ROS2/dev_ws/build/cpp_pubsub': CMAKE_PREFIX_PATH=${CMAKE_PREFIX_PATH}:/home/caesar/Desktop/ROS2/dev_ws/install/py_pubsub:/home/caesar/Desktop/ROS2/dev_ws/install/my_package:/opt/ros/dashing /usr/bin/cmake --build /home/caesar/Desktop/ROS2/dev_ws/build/cpp_pubsub -- -j4 -l4
[0.064s] [35m[1mScanning dependencies of target talker[0m
[0.080s] [ 50%] Built target listener
[0.087s] [ 75%] [32mBuilding CXX object CMakeFiles/talker.dir/src/publisher_member_function.cpp.o[0m
[0.164s] [01m[K/home/caesar/Desktop/ROS2/dev_ws/src/cpp_pubsub/src/publisher_member_function.cpp:42:28:[m[K [01;35m[Kwarning: [m[KISO C++11 requires at least one argument for the "..." in a variadic macro
[0.164s]      RCLCPP_INFO("Finished!"[01;35m[K)[m[K;
[0.164s]                             [01;35m[K^[m[K
[1.022s] In file included from [01m[K/opt/ros/dashing/include/rclcpp/service.hpp:33:0[m[K,
[1.022s]                  from [01m[K/opt/ros/dashing/include/rclcpp/callback_group.hpp:25[m[K,
[1.022s]                  from [01m[K/opt/ros/dashing/include/rclcpp/any_executable.hpp:20[m[K,
[1.022s]                  from [01m[K/opt/ros/dashing/include/rclcpp/memory_strategy.hpp:24[m[K,
[1.022s]                  from [01m[K/opt/ros/dashing/include/rclcpp/memory_strategies.hpp:18[m[K,
[1.022s]                  from [01m[K/opt/ros/dashing/include/rclcpp/executor.hpp:33[m[K,
[1.022s]                  from [01m[K/opt/ros/dashing/include/rclcpp/executors/multi_threaded_executor.hpp:24[m[K,
[1.022s]                  from [01m[K/opt/ros/dashing/include/rclcpp/executors.hpp:21[m[K,
[1.023s]                  from [01m[K/opt/ros/dashing/include/rclcpp/rclcpp.hpp:144[m[K,
[1.023s]                  from [01m[K/home/caesar/Desktop/ROS2/dev_ws/src/cpp_pubsub/src/publisher_member_function.cpp:6[m[K:
[1.023s] [01m[K/home/caesar/Desktop/ROS2/dev_ws/src/cpp_pubsub/src/publisher_member_function.cpp:[m[K In function â€˜[01m[Kint main(int, char**)[m[Kâ€™:
[1.023s] [01m[K/opt/ros/dashing/include/rclcpp/logging.hpp:214:5:[m[K [01;31m[Kerror: [m[Kstatic assertion failed: First argument to logging macros must be an rclcpp::Logger
[1.023s]      [01;31m[Ks[m[Ktatic_assert( \
[1.023s]      [01;31m[K^[m[K
[1.023s] [01m[K/home/caesar/Desktop/ROS2/dev_ws/src/cpp_pubsub/src/publisher_member_function.cpp:42:5:[m[K [01;36m[Knote: [m[Kin expansion of macro â€˜[01m[KRCLCPP_INFO[m[Kâ€™
[1.023s]      [01;36m[KRCLCPP_INFO[m[K("Finished!");
[1.023s]      [01;36m[K^~~~~~~~~~~[m[K
[1.023s] In file included from [01m[K/opt/ros/dashing/include/rclcpp/client.hpp:39:0[m[K,
[1.023s]                  from [01m[K/opt/ros/dashing/include/rclcpp/callback_group.hpp:23[m[K,
[1.023s]                  from [01m[K/opt/ros/dashing/include/rclcpp/any_executable.hpp:20[m[K,
[1.023s]                  from [01m[K/opt/ros/dashing/include/rclcpp/memory_strategy.hpp:24[m[K,
[1.024s]                  from [01m[K/opt/ros/dashing/include/rclcpp/memory_strategies.hpp:18[m[K,
[1.024s]                  from [01m[K/opt/ros/dashing/include/rclcpp/executor.hpp:33[m[K,
[1.024s]                  from [01m[K/opt/ros/dashing/include/rclcpp/executors/multi_threaded_executor.hpp:24[m[K,
[1.024s]                  from [01m[K/opt/ros/dashing/include/rclcpp/executors.hpp:21[m[K,
[1.024s]                  from [01m[K/opt/ros/dashing/include/rclcpp/rclcpp.hpp:144[m[K,
[1.024s]                  from [01m[K/home/caesar/Desktop/ROS2/dev_ws/src/cpp_pubsub/src/publisher_member_function.cpp:6[m[K:
[1.024s] [01m[K/opt/ros/dashing/include/rclcpp/logging.hpp:219:14:[m[K [01;31m[Kerror: [m[Krequest for member â€˜[01m[Kget_name[m[Kâ€™ in â€˜[01m[K"Finished!"[m[Kâ€™, which is of non-class type â€˜[01m[Kconst char [10][m[Kâ€™
[1.024s]        logger.[01;31m[Kg[m[Ket_name(), \
[1.024s]               [01;31m[K^[m[K
[1.024s] [01m[K/opt/ros/dashing/include/rcutils/logging_macros.h:70:47:[m[K [01;36m[Knote: [m[Kin definition of macro â€˜[01m[KRCUTILS_LOG_COND_NAMED[m[Kâ€™
[1.024s]      if (rcutils_logging_logger_is_enabled_for([01;36m[Kname[m[K, severity)) { \
[1.024s]                                                [01;36m[K^~~~[m[K
[1.024s] [01m[K/opt/ros/dashing/include/rclcpp/logging.hpp:218:5:[m[K [01;36m[Knote: [m[Kin expansion of macro â€˜[01m[KRCUTILS_LOG_INFO_NAMED[m[Kâ€™
[1.025s]      [01;36m[KRCUTILS_LOG_INFO_NAMED[m[K( \
[1.025s]      [01;36m[K^~~~~~~~~~~~~~~~~~~~~~[m[K
[1.025s] [01m[K/home/caesar/Desktop/ROS2/dev_ws/src/cpp_pubsub/src/publisher_member_function.cpp:42:5:[m[K [01;36m[Knote: [m[Kin expansion of macro â€˜[01m[KRCLCPP_INFO[m[Kâ€™
[1.025s]      [01;36m[KRCLCPP_INFO[m[K("Finished!");
[1.025s]      [01;36m[K^~~~~~~~~~~[m[K
[1.025s] [01m[K/opt/ros/dashing/include/rclcpp/logging.hpp:219:14:[m[K [01;31m[Kerror: [m[Krequest for member â€˜[01m[Kget_name[m[Kâ€™ in â€˜[01m[K"Finished!"[m[Kâ€™, which is of non-class type â€˜[01m[Kconst char [10][m[Kâ€™
[1.025s]        logger.[01;31m[Kg[m[Ket_name(), \
[1.025s]               [01;31m[K^[m[K
[1.025s] [01m[K/opt/ros/dashing/include/rcutils/logging_macros.h:72:58:[m[K [01;36m[Knote: [m[Kin definition of macro â€˜[01m[KRCUTILS_LOG_COND_NAMED[m[Kâ€™
[1.025s]        rcutils_log(&__rcutils_logging_location, severity, [01;36m[Kname[m[K, __VA_ARGS__); \
[1.025s]                                                           [01;36m[K^~~~[m[K
[1.025s] [01m[K/opt/ros/dashing/include/rclcpp/logging.hpp:218:5:[m[K [01;36m[Knote: [m[Kin expansion of macro â€˜[01m[KRCUTILS_LOG_INFO_NAMED[m[Kâ€™
[1.026s]      [01;36m[KRCUTILS_LOG_INFO_NAMED[m[K( \
[1.026s]      [01;36m[K^~~~~~~~~~~~~~~~~~~~~~[m[K
[1.026s] [01m[K/home/caesar/Desktop/ROS2/dev_ws/src/cpp_pubsub/src/publisher_member_function.cpp:42:5:[m[K [01;36m[Knote: [m[Kin expansion of macro â€˜[01m[KRCLCPP_INFO[m[Kâ€™
[1.026s]      [01;36m[KRCLCPP_INFO[m[K("Finished!");
[1.026s]      [01;36m[K^~~~~~~~~~~[m[K
[1.026s] [01m[K/opt/ros/dashing/include/rclcpp/logging.hpp:220:61:[m[K [01;31m[Kerror: [m[Kno matching function for call to â€˜[01m[Kget_c_string()[m[Kâ€™
[1.026s]        rclcpp::get_c_string(RCLCPP_FIRST_ARG(__VA_ARGS__, "")[01;31m[K)[m[K, \
[1.026s]                                                              [01;31m[K^[m[K
[1.026s] [01m[K/opt/ros/dashing/include/rcutils/logging_macros.h:72:64:[m[K [01;36m[Knote: [m[Kin definition of macro â€˜[01m[KRCUTILS_LOG_COND_NAMED[m[Kâ€™
[1.026s]        rcutils_log(&__rcutils_logging_location, severity, name, [01;36m[K__VA_ARGS__[m[K); \
[1.026s]                                                                 [01;36m[K^~~~~~~~~~~[m[K
[1.026s] [01m[K/opt/ros/dashing/include/rclcpp/logging.hpp:218:5:[m[K [01;36m[Knote: [m[Kin expansion of macro â€˜[01m[KRCUTILS_LOG_INFO_NAMED[m[Kâ€™
[1.027s]      [01;36m[KRCUTILS_LOG_INFO_NAMED[m[K( \
[1.027s]      [01;36m[K^~~~~~~~~~~~~~~~~~~~~~[m[K
[1.027s] [01m[K/home/caesar/Desktop/ROS2/dev_ws/src/cpp_pubsub/src/publisher_member_function.cpp:42:5:[m[K [01;36m[Knote: [m[Kin expansion of macro â€˜[01m[KRCLCPP_INFO[m[Kâ€™
[1.027s]      [01;36m[KRCLCPP_INFO[m[K("Finished!");
[1.027s]      [01;36m[K^~~~~~~~~~~[m[K
[1.027s] In file included from [01m[K/opt/ros/dashing/include/rclcpp/client.hpp:35:0[m[K,
[1.027s]                  from [01m[K/opt/ros/dashing/include/rclcpp/callback_group.hpp:23[m[K,
[1.027s]                  from [01m[K/opt/ros/dashing/include/rclcpp/any_executable.hpp:20[m[K,
[1.027s]                  from [01m[K/opt/ros/dashing/include/rclcpp/memory_strategy.hpp:24[m[K,
[1.027s]                  from [01m[K/opt/ros/dashing/include/rclcpp/memory_strategies.hpp:18[m[K,
[1.027s]                  from [01m[K/opt/ros/dashing/include/rclcpp/executor.hpp:33[m[K,
[1.027s]                  from [01m[K/opt/ros/dashing/include/rclcpp/executors/multi_threaded_executor.hpp:24[m[K,
[1.027s]                  from [01m[K/opt/ros/dashing/include/rclcpp/executors.hpp:21[m[K,
[1.028s]                  from [01m[K/opt/ros/dashing/include/rclcpp/rclcpp.hpp:144[m[K,
[1.028s]                  from [01m[K/home/caesar/Desktop/ROS2/dev_ws/src/cpp_pubsub/src/publisher_member_function.cpp:6[m[K:
[1.028s] [01m[K/opt/ros/dashing/include/rclcpp/utilities.hpp:294:1:[m[K [01;36m[Knote: [m[Kcandidate: const char* rclcpp::get_c_string(const char*)
[1.028s]  [01;36m[Kget_c_string[m[K(const char * string_in);
[1.028s]  [01;36m[K^~~~~~~~~~~~[m[K
[1.028s] [01m[K/opt/ros/dashing/include/rclcpp/utilities.hpp:294:1:[m[K [01;36m[Knote: [m[K  candidate expects 1 argument, 0 provided
[1.028s] [01m[K/opt/ros/dashing/include/rclcpp/utilities.hpp:303:1:[m[K [01;36m[Knote: [m[Kcandidate: const char* rclcpp::get_c_string(const string&)
[1.028s]  [01;36m[Kget_c_string[m[K(const std::string & string_in);
[1.028s]  [01;36m[K^~~~~~~~~~~~[m[K
[1.028s] [01m[K/opt/ros/dashing/include/rclcpp/utilities.hpp:303:1:[m[K [01;36m[Knote: [m[K  candidate expects 1 argument, 0 provided
[1.397s] CMakeFiles/talker.dir/build.make:62: recipe for target 'CMakeFiles/talker.dir/src/publisher_member_function.cpp.o' failed
[1.398s] make[2]: *** [CMakeFiles/talker.dir/src/publisher_member_function.cpp.o] Error 1
[1.398s] CMakeFiles/Makefile2:67: recipe for target 'CMakeFiles/talker.dir/all' failed
[1.398s] make[1]: *** [CMakeFiles/talker.dir/all] Error 2
[1.398s] Makefile:140: recipe for target 'all' failed
[1.398s] make: *** [all] Error 2
[1.400s] Invoked command in '/home/caesar/Desktop/ROS2/dev_ws/build/cpp_pubsub' returned '2': CMAKE_PREFIX_PATH=${CMAKE_PREFIX_PATH}:/home/caesar/Desktop/ROS2/dev_ws/install/py_pubsub:/home/caesar/Desktop/ROS2/dev_ws/install/my_package:/opt/ros/dashing /usr/bin/cmake --build /home/caesar/Desktop/ROS2/dev_ws/build/cpp_pubsub -- -j4 -l4
